Campfire
y*: ....((((..(((((..((((..((((.....))))((((((...))).)))))))((((((.((.((.(((((....)).)))))))(((((.((.((.((....))))))((((.(((....)).)).)))..)).)))))).))))))))(((.(((.(((.((((....))))))))))((((((((...))).)).))).)))))))
context-constrained undesignable structure y*[114: 131]:
((.(((....)).)).)
Rival Structures:
(..(((....)).)..)
((((((....))))).)
((((((....)).))))
(((.((....)).)).)
((.(((....))).).)
((.(((....)).).))
((..((....))..).)
(.((((....)).)).)
(...((....))....)

Cat's Toy 2
y*: ....((((((((....((..(...................)..((...((....))...((....))........))......))))))))))....
context-constrained undesignable structure y*[17: 84]:
(..(...................)..((...((....))...((....))........))......)
Rival Structures:
(..(...................).......((....))...((....))................)

Thunderbolt
y*: ((..(((((........(.((..((.(.....(....).((((((((.........((......((((.....))))......))...((..((.......(..(......)..)..((..((.....(....).((((.....(((.....(..((.(...).))..).....))).((((...(.......(..(.((...)).)..).......)...))))........)))).....((((((...)))))).))..))...........))..)).........(..((....)((((((.....(........).....))))))..)..)...))))))))........).))..)).).....(.......).)))))..)).
context-constrained undesignable structure y*[293: 335]:
((....)((((((.....(........).....))))))..)
Rival Structures:
(......((((((.....(........).....))))))..)

Chicken feet
y*: .....((.((.((...)).((...))...)))).((.((.((...)).((...))...)))).....
context-constrained undesignable structure y*[9: 30]:
(.((...)).((...))...)
Rival Structures:
(...................)

multilooping fun
y*: ((.(..(.(....).(....).)..).(....).))
context-constrained undesignable structure y*[6: 23]:
(.(....).(....).)
Rival Structures:
(...............)

Methaqualone C16H14N2O Structural Representation
y*: .......((((.((((.(((.(((....))).(((.(((....))).(((.(((....))).(((.(((....))).(((.......))).))).))).))).))).(...).)))).((((...((.(((...((...))........))).(((.(((..     ..)))(((....)))(((....)))))).))...((((.(...).(((.(((.(((.(((.(((....(((....))).))).(((....))).))).(((....))).))).(((....))).))).((((((....)))(((....))).(((....)))))).     ))).))))...)))).)))).......
context-constrained undesignable structure y*[15: 114]:
(.(((.(((....))).(((.(((....))).(((.(((....))).(((.(((....))).(((.......))).))).))).))).))).(...).)
Rival Structures:
(.(((.(((....))).(((.(((....))).(((.(((....))).(((.(((....))).(((.......))).))).))).))).))).......)

Mutated chicken feet
y*: .......((.((.((...)).((...))...)))).((.((.((...)).((...))...)))).((.((.((...)).((...))...)))).......
context-constrained undesignable structure y*[11: 32]:
(.((...)).((...))...)
Rival Structures:
(...................)

Cesspool
y*: (..(..(....)..(((..(.(.(((...)))..)..)..)))..(..(....)..).(..(....)..).....(....)..)..)..(..(..(....)..(((..(.(.(((...)))..)..)..)))..(..(....)..).(..(....)..)...     ..(....)..)..)..((..(..(....)..(((..(.(.(((...)))..)..)..)))..(..(....)..).(..(....)..).....(....)..)..))..((..(..(....)..(((..(.(.(((...)))..)..)..)))..(..(....)..).     (..(....)..).....(....)..)..))
context-constrained undesignable structure y*[3: 84]:
(..(....)..(((..(.(.(((...)))..)..)..)))..(..(....)..).(..(....)..).....(....)..)
Rival Structures:
(..........(((..(.(.(((...)))..)..)..)))..(..(....)..).(..(....)..).............)

Shooting Star
y*: (((((((((((((((((...(.(..((.(((.(((.((....).))).)))).).)..))..))))))).(((((..(.(..((.(((.(((((.(((.((((.((....).)))).))))).))).)))).).)..))..)(....)..))))((((((((     (...))))).(((((...)))))(.(....).).)))).)))).((((.((((...(((((((...))))))).(((((...)))))))))(((((((...))))))).(((((...)))))))))((((..(....)(..(..(..(.(.(((.((((.((....     ).)))).)))).)..)..).)..))))).)))))).
context-constrained undesignable structure y*[30: 50]:
(.(((.((....).))).))
Rival Structures:
((.((.((....)).)).))
(.(((..(....)..)).))
