Zigzag Semicircle
  y: ....((((((((.(....)).).).)))))....
 y': ....(((((((..(....)..).).)))))....
Rival Structures:
....(((((((..(....)..).).)))))....
....((((((((.(....)))..).)))))....
....((((((((((....)))).).)))))....
....((((((((.(....).)).).)))))....
....((((((.(((....)).).).)))))....
....((((((((((...))).).).)))))....
....((((((.(((....)))..).)))))....
....((((((..((....))...).)))))....
....((((((.............).)))))....

Mat - Elements & Sections
  y: .....((((.(...(.((((.(.((((.((.((((.((.(((....))).).)))))).)))))....).)))).)...).))))....................
 y': .....((((.(...(.((((.(.((((.(..((((.((.(((....))).).)))))..)))))....).)))).)...).))))....................
Rival Structures:
.....((((.(...(.((((.(.((((.(..((((.((.(((....))).).)))))..)))))....).)))).)...).))))....................
.....((((.(...(.((((.(.(((((((.((((.((.(((....))).).))))))))))))....).)))).)...).))))....................
.....((((.(...(.((((.(.((((.(((((((.((.(((....))).).))))))))))))....).)))).)...).))))....................
.....((((.(...(.((((.(.((((.((.((((.((.(((....))).).))))))).))))....).)))).)...).))))....................
.....((((.(...(.((((.(.((((.((.((((.((.(((....))).).))))).))))))....).)))).)...).))))....................
.....((((.(...(.((((.(.((((.(.(((((.((.(((....))).).)))))).)))))....).)))).)...).))))....................
.....((((.(...(.((((.(.((((..(.((((.((.(((....))).).))))))..))))....).)))).)...).))))....................
.....((((.(...(.((((.(.((((....((((.((.(((....))).).)))))...))))....).)))).)...).))))....................